mode: set
Obsonarium-backend/cmd/api/database.go:12.42,14.16 2 0
Obsonarium-backend/cmd/api/database.go:14.16,16.3 1 0
Obsonarium-backend/cmd/api/database.go:18.2,22.16 4 0
Obsonarium-backend/cmd/api/database.go:22.16,24.3 1 0
Obsonarium-backend/cmd/api/database.go:26.2,33.16 5 0
Obsonarium-backend/cmd/api/database.go:33.16,35.3 1 0
Obsonarium-backend/cmd/api/database.go:37.2,37.16 1 0
Obsonarium-backend/cmd/api/main.go:43.13,56.16 11 0
Obsonarium-backend/cmd/api/main.go:56.16,58.3 1 0
Obsonarium-backend/cmd/api/main.go:60.2,88.33 7 0
Obsonarium-backend/cmd/api/routes.go:15.46,28.42 10 0
Obsonarium-backend/cmd/api/routes.go:28.42,34.3 5 0
Obsonarium-backend/cmd/api/routes.go:37.2,37.47 1 0
Obsonarium-backend/cmd/api/routes.go:37.47,42.3 4 0
Obsonarium-backend/cmd/api/routes.go:44.2,44.10 1 0
Obsonarium-backend/internal/handlers/auth/auth.go:30.49,32.16 2 0
Obsonarium-backend/internal/handlers/auth/auth.go:32.16,34.3 1 0
Obsonarium-backend/internal/handlers/auth/auth.go:36.2,58.3 7 0
Obsonarium-backend/internal/handlers/auth/auth.go:61.97,62.54 1 0
Obsonarium-backend/internal/handlers/auth/auth.go:62.54,67.17 4 0
Obsonarium-backend/internal/handlers/auth/auth.go:67.17,71.4 3 0
Obsonarium-backend/internal/handlers/auth/auth.go:73.3,80.17 3 0
Obsonarium-backend/internal/handlers/auth/auth.go:80.17,84.4 3 0
Obsonarium-backend/internal/handlers/auth/auth.go:86.3,87.17 2 0
Obsonarium-backend/internal/handlers/auth/auth.go:87.17,91.4 3 0
Obsonarium-backend/internal/handlers/auth/auth.go:93.3,104.65 3 0
Obsonarium-backend/internal/handlers/auth/auth.go:108.61,112.2 3 0
Obsonarium-backend/internal/handlers/auth/auth.go:114.59,123.2 3 0
Obsonarium-backend/internal/handlers/auth/auth.go:127.108,128.46 1 0
Obsonarium-backend/internal/handlers/auth/auth.go:128.46,129.72 1 0
Obsonarium-backend/internal/handlers/auth/auth.go:129.72,132.18 2 0
Obsonarium-backend/internal/handlers/auth/auth.go:132.18,136.5 2 0
Obsonarium-backend/internal/handlers/auth/auth.go:139.4,140.18 2 0
Obsonarium-backend/internal/handlers/auth/auth.go:140.18,145.5 3 0
Obsonarium-backend/internal/handlers/auth/auth.go:148.4,149.26 2 0
Obsonarium-backend/internal/handlers/auth/auth.go:149.26,154.5 3 0
Obsonarium-backend/internal/handlers/auth/auth.go:157.4,158.41 2 0
Obsonarium-backend/internal/handlers/auth/auth.go:165.54,167.9 2 0
Obsonarium-backend/internal/handlers/auth/auth.go:167.9,169.3 1 0
Obsonarium-backend/internal/handlers/auth/auth.go:170.2,170.14 1 0
Obsonarium-backend/internal/handlers/retailer_products/retailer_products.go:14.118,15.54 1 1
Obsonarium-backend/internal/handlers/retailer_products/retailer_products.go:15.54,18.17 3 1
Obsonarium-backend/internal/handlers/retailer_products/retailer_products.go:18.17,21.4 2 1
Obsonarium-backend/internal/handlers/retailer_products/retailer_products.go:23.3,23.77 1 1
Obsonarium-backend/internal/handlers/retailer_products/retailer_products.go:27.117,28.54 1 1
Obsonarium-backend/internal/handlers/retailer_products/retailer_products.go:28.54,31.17 3 1
Obsonarium-backend/internal/handlers/retailer_products/retailer_products.go:31.17,34.4 2 1
Obsonarium-backend/internal/handlers/retailer_products/retailer_products.go:36.3,37.17 2 1
Obsonarium-backend/internal/handlers/retailer_products/retailer_products.go:37.17,38.55 1 1
Obsonarium-backend/internal/handlers/retailer_products/retailer_products.go:38.55,41.5 2 1
Obsonarium-backend/internal/handlers/retailer_products/retailer_products.go:42.4,43.10 2 0
Obsonarium-backend/internal/handlers/retailer_products/retailer_products.go:46.3,46.75 1 1
Obsonarium-backend/internal/handlers/retailers/retailers.go:14.112,15.54 1 1
Obsonarium-backend/internal/handlers/retailers/retailers.go:15.54,18.17 3 1
Obsonarium-backend/internal/handlers/retailers/retailers.go:18.17,21.4 2 1
Obsonarium-backend/internal/handlers/retailers/retailers.go:23.3,24.17 2 1
Obsonarium-backend/internal/handlers/retailers/retailers.go:24.17,25.56 1 1
Obsonarium-backend/internal/handlers/retailers/retailers.go:25.56,28.5 2 1
Obsonarium-backend/internal/handlers/retailers/retailers.go:29.4,30.10 2 0
Obsonarium-backend/internal/handlers/retailers/retailers.go:33.3,33.77 1 1
Obsonarium-backend/internal/handlers/healthcheck/healthcheck.go:8.89,9.54 1 1
Obsonarium-backend/internal/handlers/healthcheck/healthcheck.go:9.54,19.3 2 1
Obsonarium-backend/internal/handlers/cart/cart.go:15.98,16.54 1 1
Obsonarium-backend/internal/handlers/cart/cart.go:16.54,18.18 2 1
Obsonarium-backend/internal/handlers/cart/cart.go:18.18,21.4 2 1
Obsonarium-backend/internal/handlers/cart/cart.go:23.3,24.17 2 0
Obsonarium-backend/internal/handlers/cart/cart.go:24.17,27.4 2 0
Obsonarium-backend/internal/handlers/cart/cart.go:29.3,29.74 1 0
Obsonarium-backend/internal/handlers/cart/cart.go:33.133,34.54 1 1
Obsonarium-backend/internal/handlers/cart/cart.go:34.54,36.18 2 1
Obsonarium-backend/internal/handlers/cart/cart.go:36.18,39.4 2 1
Obsonarium-backend/internal/handlers/cart/cart.go:41.3,47.17 3 1
Obsonarium-backend/internal/handlers/cart/cart.go:47.17,50.4 2 0
Obsonarium-backend/internal/handlers/cart/cart.go:52.3,52.33 1 1
Obsonarium-backend/internal/handlers/cart/cart.go:52.33,55.4 2 1
Obsonarium-backend/internal/handlers/cart/cart.go:57.3,58.17 2 0
Obsonarium-backend/internal/handlers/cart/cart.go:58.17,61.4 2 0
Obsonarium-backend/internal/handlers/cart/cart.go:63.3,63.75 1 0
Obsonarium-backend/internal/handlers/cart/cart.go:67.105,68.54 1 1
Obsonarium-backend/internal/handlers/cart/cart.go:68.54,70.18 2 1
Obsonarium-backend/internal/handlers/cart/cart.go:70.18,73.4 2 1
Obsonarium-backend/internal/handlers/cart/cart.go:75.3,77.17 3 1
Obsonarium-backend/internal/handlers/cart/cart.go:77.17,80.4 2 1
Obsonarium-backend/internal/handlers/cart/cart.go:82.3,83.17 2 0
Obsonarium-backend/internal/handlers/cart/cart.go:83.17,84.56 1 0
Obsonarium-backend/internal/handlers/cart/cart.go:84.56,87.5 2 0
Obsonarium-backend/internal/handlers/cart/cart.go:88.4,89.10 2 0
Obsonarium-backend/internal/handlers/cart/cart.go:92.3,92.92 1 0
Obsonarium-backend/internal/handlers/cart/cart.go:96.104,97.54 1 1
Obsonarium-backend/internal/handlers/cart/cart.go:97.54,99.18 2 1
Obsonarium-backend/internal/handlers/cart/cart.go:99.18,102.4 2 1
Obsonarium-backend/internal/handlers/cart/cart.go:104.3,105.17 2 1
Obsonarium-backend/internal/handlers/cart/cart.go:105.17,108.4 2 0
Obsonarium-backend/internal/handlers/cart/cart.go:110.3,110.71 1 1
Obsonarium-backend/internal/services/auth.go:28.69,33.2 1 1
Obsonarium-backend/internal/services/auth.go:35.78,46.16 4 1
Obsonarium-backend/internal/services/auth.go:46.16,48.3 1 0
Obsonarium-backend/internal/services/auth.go:50.2,50.24 1 1
Obsonarium-backend/internal/services/auth.go:53.91,54.81 1 1
Obsonarium-backend/internal/services/auth.go:54.81,56.58 1 1
Obsonarium-backend/internal/services/auth.go:56.58,58.4 1 0
Obsonarium-backend/internal/services/auth.go:59.3,59.49 1 1
Obsonarium-backend/internal/services/auth.go:62.2,62.16 1 1
Obsonarium-backend/internal/services/auth.go:62.16,64.3 1 1
Obsonarium-backend/internal/services/auth.go:66.2,66.67 1 1
Obsonarium-backend/internal/services/auth.go:66.67,67.45 1 1
Obsonarium-backend/internal/services/auth.go:67.45,68.38 1 1
Obsonarium-backend/internal/services/auth.go:68.38,70.5 1 0
Obsonarium-backend/internal/services/auth.go:72.3,72.22 1 1
Obsonarium-backend/internal/services/auth.go:75.2,75.32 1 0
Obsonarium-backend/internal/services/auth.go:79.91,84.16 3 0
Obsonarium-backend/internal/services/auth.go:84.16,86.3 1 0
Obsonarium-backend/internal/services/auth.go:88.2,88.55 1 0
Obsonarium-backend/internal/services/auth.go:91.79,105.16 3 1
Obsonarium-backend/internal/services/auth.go:105.16,108.3 1 1
Obsonarium-backend/internal/services/auth.go:110.2,110.12 1 1
Obsonarium-backend/internal/services/cart.go:14.102,19.2 1 1
Obsonarium-backend/internal/services/cart.go:21.84,23.16 2 1
Obsonarium-backend/internal/services/cart.go:23.16,25.3 1 1
Obsonarium-backend/internal/services/cart.go:27.2,28.16 2 1
Obsonarium-backend/internal/services/cart.go:28.16,30.3 1 0
Obsonarium-backend/internal/services/cart.go:32.2,32.23 1 1
Obsonarium-backend/internal/services/cart.go:35.91,37.16 2 1
Obsonarium-backend/internal/services/cart.go:37.16,39.3 1 0
Obsonarium-backend/internal/services/cart.go:41.2,42.19 2 1
Obsonarium-backend/internal/services/cart.go:42.19,44.3 1 1
Obsonarium-backend/internal/services/cart.go:46.2,46.20 1 1
Obsonarium-backend/internal/services/cart.go:46.20,48.3 1 1
Obsonarium-backend/internal/services/cart.go:49.2,49.16 1 1
Obsonarium-backend/internal/services/cart.go:49.16,51.3 1 0
Obsonarium-backend/internal/services/cart.go:53.2,53.25 1 1
Obsonarium-backend/internal/services/cart.go:56.73,58.16 2 1
Obsonarium-backend/internal/services/cart.go:58.16,60.3 1 0
Obsonarium-backend/internal/services/cart.go:62.2,63.16 2 1
Obsonarium-backend/internal/services/cart.go:63.16,64.46 1 1
Obsonarium-backend/internal/services/cart.go:64.46,66.4 1 1
Obsonarium-backend/internal/services/cart.go:67.3,67.65 1 0
Obsonarium-backend/internal/services/cart.go:70.2,70.12 1 1
Obsonarium-backend/internal/services/cart.go:73.71,75.16 2 1
Obsonarium-backend/internal/services/cart.go:75.16,77.3 1 0
Obsonarium-backend/internal/services/cart.go:79.2,80.16 2 1
Obsonarium-backend/internal/services/cart.go:80.16,82.3 1 0
Obsonarium-backend/internal/services/cart.go:84.2,84.19 1 1
Obsonarium-backend/internal/services/retailer-products.go:13.107,17.2 1 1
Obsonarium-backend/internal/services/retailer-products.go:19.91,20.16 1 1
Obsonarium-backend/internal/services/retailer-products.go:20.16,23.6 1 1
Obsonarium-backend/internal/services/retailer-products.go:26.5,26.40 1 1
Obsonarium-backend/internal/services/retailer-products.go:30.87,32.16 2 1
Obsonarium-backend/internal/services/retailer-products.go:32.16,33.45 1 1
Obsonarium-backend/internal/services/retailer-products.go:33.45,35.4 1 1
Obsonarium-backend/internal/services/retailer-products.go:36.3,36.90 1 0
Obsonarium-backend/internal/services/retailer-products.go:39.2,39.21 1 1
Obsonarium-backend/internal/services/retailers.go:13.87,17.2 1 1
Obsonarium-backend/internal/services/retailers.go:19.74,21.16 2 1
Obsonarium-backend/internal/services/retailers.go:21.16,22.46 1 1
Obsonarium-backend/internal/services/retailers.go:22.46,24.4 1 1
Obsonarium-backend/internal/services/retailers.go:25.3,25.84 1 0
Obsonarium-backend/internal/services/retailers.go:28.2,28.22 1 1
Obsonarium-backend/internal/services/user-addresses.go:14.134,19.2 1 1
Obsonarium-backend/internal/services/user-addresses.go:21.96,23.16 2 1
Obsonarium-backend/internal/services/user-addresses.go:23.16,25.3 1 1
Obsonarium-backend/internal/services/user-addresses.go:27.2,28.16 2 1
Obsonarium-backend/internal/services/user-addresses.go:28.16,30.3 1 0
Obsonarium-backend/internal/services/user-addresses.go:32.2,32.23 1 1
Obsonarium-backend/internal/services/user-addresses.go:35.92,37.16 2 1
Obsonarium-backend/internal/services/user-addresses.go:37.16,39.3 1 0
Obsonarium-backend/internal/services/user-addresses.go:41.2,43.16 3 1
Obsonarium-backend/internal/services/user-addresses.go:43.16,45.3 1 0
Obsonarium-backend/internal/services/user-addresses.go:47.2,47.12 1 1
Obsonarium-backend/internal/services/user-addresses.go:50.81,52.16 2 1
Obsonarium-backend/internal/services/user-addresses.go:52.16,54.3 1 0
Obsonarium-backend/internal/services/user-addresses.go:56.2,57.16 2 1
Obsonarium-backend/internal/services/user-addresses.go:57.16,58.45 1 1
Obsonarium-backend/internal/services/user-addresses.go:58.45,60.4 1 1
Obsonarium-backend/internal/services/user-addresses.go:61.3,61.63 1 0
Obsonarium-backend/internal/services/user-addresses.go:64.2,64.12 1 1
Obsonarium-backend/internal/utils/jsonutils/jsonutils.go:21.31,26.2 1 1
Obsonarium-backend/internal/utils/jsonutils/jsonutils.go:29.93,33.16 2 1
Obsonarium-backend/internal/utils/jsonutils/jsonutils.go:33.16,35.3 1 0
Obsonarium-backend/internal/utils/jsonutils/jsonutils.go:37.2,39.34 2 1
Obsonarium-backend/internal/utils/jsonutils/jsonutils.go:39.34,41.3 1 1
Obsonarium-backend/internal/utils/jsonutils/jsonutils.go:43.2,46.12 4 1
Obsonarium-backend/internal/utils/jsonutils/jsonutils.go:50.78,53.16 2 1
Obsonarium-backend/internal/utils/jsonutils/jsonutils.go:53.16,57.10 4 1
Obsonarium-backend/internal/utils/jsonutils/jsonutils.go:58.37,59.94 1 1
Obsonarium-backend/internal/utils/jsonutils/jsonutils.go:60.44,61.56 1 0
Obsonarium-backend/internal/utils/jsonutils/jsonutils.go:62.44,63.38 1 0
Obsonarium-backend/internal/utils/jsonutils/jsonutils.go:63.38,65.5 1 0
Obsonarium-backend/internal/utils/jsonutils/jsonutils.go:66.4,66.103 1 0
Obsonarium-backend/internal/utils/jsonutils/jsonutils.go:67.31,68.47 1 1
Obsonarium-backend/internal/utils/jsonutils/jsonutils.go:69.47,70.14 1 0
Obsonarium-backend/internal/utils/jsonutils/jsonutils.go:71.11,72.14 1 0
Obsonarium-backend/internal/utils/jsonutils/jsonutils.go:75.2,75.12 1 1
Obsonarium-backend/internal/handlers/user_addresses/user_addresses.go:16.117,17.54 1 1
Obsonarium-backend/internal/handlers/user_addresses/user_addresses.go:17.54,19.18 2 1
Obsonarium-backend/internal/handlers/user_addresses/user_addresses.go:19.18,22.4 2 1
Obsonarium-backend/internal/handlers/user_addresses/user_addresses.go:24.3,25.17 2 1
Obsonarium-backend/internal/handlers/user_addresses/user_addresses.go:25.17,28.4 2 0
Obsonarium-backend/internal/handlers/user_addresses/user_addresses.go:30.3,30.79 1 1
Obsonarium-backend/internal/handlers/user_addresses/user_addresses.go:34.146,35.54 1 1
Obsonarium-backend/internal/handlers/user_addresses/user_addresses.go:35.54,37.18 2 1
Obsonarium-backend/internal/handlers/user_addresses/user_addresses.go:37.18,40.4 2 1
Obsonarium-backend/internal/handlers/user_addresses/user_addresses.go:42.3,52.17 3 1
Obsonarium-backend/internal/handlers/user_addresses/user_addresses.go:52.17,55.4 2 0
Obsonarium-backend/internal/handlers/user_addresses/user_addresses.go:57.3,57.39 1 1
Obsonarium-backend/internal/handlers/user_addresses/user_addresses.go:57.39,60.4 2 1
Obsonarium-backend/internal/handlers/user_addresses/user_addresses.go:62.3,62.29 1 0
Obsonarium-backend/internal/handlers/user_addresses/user_addresses.go:62.29,65.4 2 0
Obsonarium-backend/internal/handlers/user_addresses/user_addresses.go:67.3,67.36 1 0
Obsonarium-backend/internal/handlers/user_addresses/user_addresses.go:67.36,70.4 2 0
Obsonarium-backend/internal/handlers/user_addresses/user_addresses.go:72.3,72.32 1 0
Obsonarium-backend/internal/handlers/user_addresses/user_addresses.go:72.32,75.4 2 0
Obsonarium-backend/internal/handlers/user_addresses/user_addresses.go:77.3,87.17 3 0
Obsonarium-backend/internal/handlers/user_addresses/user_addresses.go:87.17,90.4 2 0
Obsonarium-backend/internal/handlers/user_addresses/user_addresses.go:92.3,92.75 1 0
Obsonarium-backend/internal/handlers/user_addresses/user_addresses.go:96.118,97.54 1 1
Obsonarium-backend/internal/handlers/user_addresses/user_addresses.go:97.54,99.18 2 1
Obsonarium-backend/internal/handlers/user_addresses/user_addresses.go:99.18,102.4 2 1
Obsonarium-backend/internal/handlers/user_addresses/user_addresses.go:104.3,106.17 3 1
Obsonarium-backend/internal/handlers/user_addresses/user_addresses.go:106.17,109.4 2 1
Obsonarium-backend/internal/handlers/user_addresses/user_addresses.go:111.3,112.17 2 1
Obsonarium-backend/internal/handlers/user_addresses/user_addresses.go:112.17,113.55 1 1
Obsonarium-backend/internal/handlers/user_addresses/user_addresses.go:113.55,116.5 2 1
Obsonarium-backend/internal/handlers/user_addresses/user_addresses.go:117.4,118.10 2 0
Obsonarium-backend/internal/handlers/user_addresses/user_addresses.go:121.3,121.98 1 0
Obsonarium-backend/internal/utils/responseutils/errors.go:28.70,33.2 1 0
Obsonarium-backend/internal/utils/responseutils/errors.go:35.75,46.17 4 0
Obsonarium-backend/internal/utils/responseutils/errors.go:46.17,48.3 1 0
Obsonarium-backend/internal/utils/responseutils/errors.go:50.2,50.24 1 0
Obsonarium-backend/internal/utils/responseutils/errors.go:53.91,54.81 1 0
Obsonarium-backend/internal/utils/responseutils/errors.go:54.81,56.58 1 0
Obsonarium-backend/internal/utils/responseutils/errors.go:56.58,58.4 1 0
Obsonarium-backend/internal/utils/responseutils/errors.go:59.3,59.49 1 0
Obsonarium-backend/internal/utils/responseutils/errors.go:62.2,62.16 1 0
Obsonarium-backend/internal/utils/responseutils/errors.go:62.16,64.3 1 0
Obsonarium-backend/internal/utils/responseutils/errors.go:66.2,66.67 1 0
Obsonarium-backend/internal/utils/responseutils/errors.go:66.67,67.45 1 0
Obsonarium-backend/internal/utils/responseutils/errors.go:67.45,68.38 1 0
Obsonarium-backend/internal/utils/responseutils/errors.go:68.38,70.5 1 0
Obsonarium-backend/internal/utils/responseutils/errors.go:72.3,72.22 1 0
Obsonarium-backend/internal/utils/responseutils/errors.go:75.2,75.32 1 0
Obsonarium-backend/internal/utils/responseutils/errors.go:79.91,84.16 3 0
Obsonarium-backend/internal/utils/responseutils/errors.go:84.16,86.3 1 0
Obsonarium-backend/internal/utils/responseutils/errors.go:88.2,88.55 1 0
Obsonarium-backend/internal/repositories/cart-repo.go:23.40,25.2 1 1
Obsonarium-backend/internal/repositories/cart-repo.go:27.83,37.16 3 1
Obsonarium-backend/internal/repositories/cart-repo.go:37.16,39.3 1 0
Obsonarium-backend/internal/repositories/cart-repo.go:40.2,44.18 3 1
Obsonarium-backend/internal/repositories/cart-repo.go:44.18,60.17 3 1
Obsonarium-backend/internal/repositories/cart-repo.go:60.17,62.4 1 0
Obsonarium-backend/internal/repositories/cart-repo.go:63.3,63.38 1 1
Obsonarium-backend/internal/repositories/cart-repo.go:66.2,66.34 1 1
Obsonarium-backend/internal/repositories/cart-repo.go:66.34,68.3 1 0
Obsonarium-backend/internal/repositories/cart-repo.go:70.2,70.23 1 1
Obsonarium-backend/internal/repositories/cart-repo.go:73.89,86.2 4 1
Obsonarium-backend/internal/repositories/cart-repo.go:88.80,100.26 4 1
Obsonarium-backend/internal/repositories/cart-repo.go:100.26,103.3 1 1
Obsonarium-backend/internal/repositories/cart-repo.go:105.2,105.16 1 1
Obsonarium-backend/internal/repositories/cart-repo.go:105.16,107.3 1 0
Obsonarium-backend/internal/repositories/cart-repo.go:110.2,110.17 1 1
Obsonarium-backend/internal/repositories/cart-repo.go:110.17,116.3 2 0
Obsonarium-backend/internal/repositories/cart-repo.go:118.2,118.20 1 1
Obsonarium-backend/internal/repositories/cart-repo.go:121.71,127.16 3 1
Obsonarium-backend/internal/repositories/cart-repo.go:127.16,129.3 1 0
Obsonarium-backend/internal/repositories/cart-repo.go:131.2,132.16 2 1
Obsonarium-backend/internal/repositories/cart-repo.go:132.16,134.3 1 0
Obsonarium-backend/internal/repositories/cart-repo.go:136.2,136.23 1 1
Obsonarium-backend/internal/repositories/cart-repo.go:136.23,138.3 1 1
Obsonarium-backend/internal/repositories/cart-repo.go:140.2,140.12 1 1
Obsonarium-backend/internal/repositories/cart-repo.go:143.62,153.16 4 1
Obsonarium-backend/internal/repositories/cart-repo.go:153.16,155.3 1 0
Obsonarium-backend/internal/repositories/cart-repo.go:157.2,157.19 1 1
Obsonarium-backend/internal/repositories/retailer-products-repo.go:21.64,23.2 1 1
Obsonarium-backend/internal/repositories/retailer-products-repo.go:25.83,34.16 3 1
Obsonarium-backend/internal/repositories/retailer-products-repo.go:34.16,36.3 1 0
Obsonarium-backend/internal/repositories/retailer-products-repo.go:37.2,41.18 3 1
Obsonarium-backend/internal/repositories/retailer-products-repo.go:41.18,52.17 3 1
Obsonarium-backend/internal/repositories/retailer-products-repo.go:52.17,54.4 1 0
Obsonarium-backend/internal/repositories/retailer-products-repo.go:55.3,55.39 1 1
Obsonarium-backend/internal/repositories/retailer-products-repo.go:58.2,58.34 1 1
Obsonarium-backend/internal/repositories/retailer-products-repo.go:58.34,60.3 1 0
Obsonarium-backend/internal/repositories/retailer-products-repo.go:62.2,62.22 1 1
Obsonarium-backend/internal/repositories/retailer-products-repo.go:65.100,77.16 3 1
Obsonarium-backend/internal/repositories/retailer-products-repo.go:77.16,79.3 1 0
Obsonarium-backend/internal/repositories/retailer-products-repo.go:80.2,84.18 3 1
Obsonarium-backend/internal/repositories/retailer-products-repo.go:84.18,95.17 3 1
Obsonarium-backend/internal/repositories/retailer-products-repo.go:95.17,97.4 1 0
Obsonarium-backend/internal/repositories/retailer-products-repo.go:98.3,98.33 1 1
Obsonarium-backend/internal/repositories/retailer-products-repo.go:101.2,101.34 1 1
Obsonarium-backend/internal/repositories/retailer-products-repo.go:101.34,103.3 1 0
Obsonarium-backend/internal/repositories/retailer-products-repo.go:105.2,105.22 1 1
Obsonarium-backend/internal/repositories/retailer-products-repo.go:108.87,128.16 5 1
Obsonarium-backend/internal/repositories/retailer-products-repo.go:128.16,129.36 1 1
Obsonarium-backend/internal/repositories/retailer-products-repo.go:129.36,131.4 1 1
Obsonarium-backend/internal/repositories/retailer-products-repo.go:132.3,132.40 1 0
Obsonarium-backend/internal/repositories/retailer-products-repo.go:135.2,135.22 1 1
Obsonarium-backend/internal/repositories/retailers-repo.go:19.50,21.2 1 1
Obsonarium-backend/internal/repositories/retailers-repo.go:23.78,41.16 5 1
Obsonarium-backend/internal/repositories/retailers-repo.go:41.16,42.36 1 1
Obsonarium-backend/internal/repositories/retailers-repo.go:42.36,44.4 1 1
Obsonarium-backend/internal/repositories/retailers-repo.go:45.3,45.33 1 0
Obsonarium-backend/internal/repositories/retailers-repo.go:48.2,48.23 1 1
Obsonarium-backend/internal/repositories/user-addresses-repo.go:21.58,23.2 1 1
Obsonarium-backend/internal/repositories/user-addresses-repo.go:25.95,33.16 3 1
Obsonarium-backend/internal/repositories/user-addresses-repo.go:33.16,35.3 1 0
Obsonarium-backend/internal/repositories/user-addresses-repo.go:36.2,40.18 3 1
Obsonarium-backend/internal/repositories/user-addresses-repo.go:40.18,52.17 3 1
Obsonarium-backend/internal/repositories/user-addresses-repo.go:52.17,54.4 1 0
Obsonarium-backend/internal/repositories/user-addresses-repo.go:55.3,55.41 1 1
Obsonarium-backend/internal/repositories/user-addresses-repo.go:58.2,58.34 1 1
Obsonarium-backend/internal/repositories/user-addresses-repo.go:58.34,60.3 1 0
Obsonarium-backend/internal/repositories/user-addresses-repo.go:62.2,62.23 1 1
Obsonarium-backend/internal/repositories/user-addresses-repo.go:65.78,83.2 3 1
Obsonarium-backend/internal/repositories/user-addresses-repo.go:85.79,91.16 3 1
Obsonarium-backend/internal/repositories/user-addresses-repo.go:91.16,93.3 1 0
Obsonarium-backend/internal/repositories/user-addresses-repo.go:95.2,96.16 2 1
Obsonarium-backend/internal/repositories/user-addresses-repo.go:96.16,98.3 1 0
Obsonarium-backend/internal/repositories/user-addresses-repo.go:100.2,100.23 1 1
Obsonarium-backend/internal/repositories/user-addresses-repo.go:100.23,102.3 1 1
Obsonarium-backend/internal/repositories/user-addresses-repo.go:104.2,104.12 1 1
Obsonarium-backend/internal/repositories/users-repo.go:21.42,23.2 1 1
Obsonarium-backend/internal/repositories/users-repo.go:25.60,44.2 3 1
Obsonarium-backend/internal/repositories/users-repo.go:46.75,63.16 5 1
Obsonarium-backend/internal/repositories/users-repo.go:63.16,64.36 1 1
Obsonarium-backend/internal/repositories/users-repo.go:64.36,66.4 1 1
Obsonarium-backend/internal/repositories/users-repo.go:67.3,67.29 1 0
Obsonarium-backend/internal/repositories/users-repo.go:70.2,70.19 1 1
